<testsuites name="Mocha Tests">
  <testsuite name="test suite description" tests="9" errors="0" failures="0" skipped="0" timestamp="2022-04-15T18:00:30" time="0.009">
    <testcase classname="test suite description" name="test case description" time="0.001">
    </testcase>
    <testcase classname="test suite description" name="test case description" time="0">
    </testcase>
    <testcase classname="test suite description" name="test case description" time="0">
    </testcase>
    <testcase classname="test suite description" name="test case description" time="0">
    </testcase>
    <testcase classname="test suite description" name="test case description" time="0">
    </testcase>
    <testcase classname="test suite description" name="test case description" time="0">
    </testcase>
    <testcase classname="test suite description" name="test case description" time="0">
    </testcase>
    <testcase classname="test suite description" name="test case description" time="0">
    </testcase>
    <testcase classname="test suite description" name="test case description" time="0">
    </testcase>
  </testsuite>
</testsuites>