<testsuites name="Mocha Tests">
  <testsuite name="REST API test suite description" tests="9" errors="0" failures="0" skipped="0" timestamp="2022-04-21T11:07:54" time="0.066">
    <testcase classname="REST API test suite description" name="test case description" time="0.031">
    </testcase>
    <testcase classname="REST API test suite description" name="test case description" time="0.003">
    </testcase>
    <testcase classname="REST API test suite description" name="test case description" time="0.003">
    </testcase>
    <testcase classname="REST API test suite description" name="test case description" time="0.002">
    </testcase>
    <testcase classname="REST API test suite description" name="test case description" time="0.003">
    </testcase>
    <testcase classname="REST API test suite description" name="test case description" time="0.003">
    </testcase>
    <testcase classname="REST API test suite description" name="test case description" time="0.002">
    </testcase>
    <testcase classname="REST API test suite description" name="test case description" time="0.002">
    </testcase>
    <testcase classname="REST API test suite description" name="test case description" time="0.002">
    </testcase>
  </testsuite>
</testsuites>